<?xml version="1.0" encoding="UTF-8"?>
<!-- Generated by org.testng.reporters.JUnitXMLReporter -->
<testsuite ignored="0" hostname="DESKTOP-A565FBS" failures="0" tests="3" name="Default test" time="13.022" errors="0" timestamp="2026-04-06T20:01:08 IST">
  <testcase classname="api.test.StoreTest" name="TestPostStore" time="1.779"/>
  <testcase classname="api.test.StoreTest" name="TestGetStore" time="1.45"/>
  <testcase classname="api.test.StoreTest" name="TestDleteByIDStore" time="1.64"/>
</testsuite> <!-- Default test -->
