<?xml version="1.0" encoding="UTF-8"?>
<!-- Generated by org.testng.reporters.JUnitXMLReporter -->
<testsuite ignored="0" hostname="DESKTOP-A565FBS" failures="0" tests="3" name="Default test" time="8.891" errors="0" timestamp="2026-04-06T17:28:28 IST">
  <testcase classname="api.test.PetTest" name="TestPostUser" time="4.866"/>
  <testcase classname="api.test.PetTest" name="TestGetPetById" time="1.308"/>
  <testcase classname="api.test.PetTest" name="TestdeletePetById" time="1.253"/>
</testsuite> <!-- Default test -->
