<?xml version="1.0" encoding="UTF-8"?>
<!-- Generated by org.testng.reporters.JUnitXMLReporter -->
<testsuite ignored="0" hostname="DESKTOP-A565FBS" failures="1" tests="2" name="Test" time="10.707" errors="0" timestamp="2026-04-06T18:34:33 IST">
  <testcase classname="api.test.PetTest" name="TestPostUser" time="7.565"/>
  <testcase classname="api.test.StoreTest" name="TestPostUser" time="0.001">
    <failure type="java.lang.NullPointerException" message="Cannot invoke &amp;quot;org.apache.logging.log4j.Logger.info(String)&amp;quot; because &amp;quot;this.log&amp;quot; is null">
      <![CDATA[java.lang.NullPointerException: Cannot invoke "org.apache.logging.log4j.Logger.info(String)" because "this.log" is null
at api.test.StoreTest.TestPostUser(StoreTest.java:38)
at java.base/java.util.ArrayList.forEach(ArrayList.java:1511)
... Removed 27 stack frames]]>
    </failure>
  </testcase> <!-- TestPostUser -->
</testsuite> <!-- Test -->
