<?xml version="1.0" encoding="UTF-8"?>
<!-- Generated by org.testng.reporters.JUnitXMLReporter -->
<testsuite ignored="0" hostname="DESKTOP-A565FBS" failures="0" tests="4" name="Test" time="10.339" errors="0" timestamp="2026-04-06T17:33:45 IST">
  <testcase classname="api.test.UserTest" name="testCreateUserWithArray" time="4.762"/>
  <testcase classname="api.test.PetTest" name="TestPostUser" time="1.293"/>
  <testcase classname="api.test.PetTest" name="TestGetPetById" time="1.29"/>
  <testcase classname="api.test.PetTest" name="TestdeletePetById" time="1.125"/>
</testsuite> <!-- Test -->
