<?xml version="1.0" encoding="UTF-8"?>
<testng-results ignored="0" total="1" passed="1" failed="0" skipped="0">
  <reporter-output>
  </reporter-output>
  <suite started-at="2026-04-06T10:21:47 IST" name="Suite" finished-at="2026-04-06T10:21:56 IST" duration-ms="8695">
    <groups>
    </groups>
    <test started-at="2026-04-06T10:21:47 IST" name="Test" finished-at="2026-04-06T10:21:56 IST" duration-ms="8695">
      <class name="api.test.UserTest">
        <test-method is-config="true" signature="setUpData()[pri:0, instance:api.test.UserTest@6e0f5f7f]" started-at="2026-04-06T10:21:48 IST" name="setUpData" finished-at="2026-04-06T10:21:49 IST" duration-ms="1566" status="PASS">
          <reporter-output>
          </reporter-output>
        </test-method> <!-- setUpData -->
        <test-method signature="TestPostUser()[pri:1, instance:api.test.UserTest@6e0f5f7f]" started-at="2026-04-06T10:21:49 IST" name="TestPostUser" finished-at="2026-04-06T10:21:56 IST" duration-ms="6348" status="PASS">
          <reporter-output>
          </reporter-output>
        </test-method> <!-- TestPostUser -->
      </class> <!-- api.test.UserTest -->
    </test> <!-- Test -->
  </suite> <!-- Suite -->
</testng-results>
