<?xml version="1.0" encoding="UTF-8"?>
<testsuite xmlns:xsi="http://www.w3.org/2001/XMLSchema-instance" xsi:noNamespaceSchemaLocation="https://maven.apache.org/surefire/maven-surefire-plugin/xsd/surefire-test-report.xsd" version="3.0.2" name="TestSuite" time="9.07" tests="1" errors="0" skipped="0" failures="0" flakes="0">
  <properties>
[...]
</properties>
  <testcase name="testCreateUserWithArray" classname="api.test.UserTest" time="5.078">
    <system-out><![CDATA[{
    "code": 200,
    "type": "unknown",
    "message": "ok"
}
]]></system-out>
    <system-err><![CDATA[SLF4J(W): No SLF4J providers were found.
SLF4J(W): Defaulting to no-operation (NOP) logger implementation
SLF4J(W): See https://www.slf4j.org/codes.html#noProviders for further details.
2026-04-06T08:33:53.209935Z main ERROR Unable to locate appender "Debug" for logger config "root"
2026-04-06T08:33:53.211929800Z main INFO Starting configuration XmlConfiguration[location=E:\A_Coding_Cult\AddressProject\ApiAutomationFramwork\target\test-classes\log4j2.xml, lastModified=2026-04-05T12:11:35.142Z]...
2026-04-06T08:33:53.211929800Z main INFO Configuration XmlConfiguration[location=E:\A_Coding_Cult\AddressProject\ApiAutomationFramwork\target\test-classes\log4j2.xml, lastModified=2026-04-05T12:11:35.142Z] started.
2026-04-06T08:33:53.215933900Z main INFO Stopping configuration org.apache.logging.log4j.core.config.DefaultConfiguration@7b5cc918...
2026-04-06T08:33:53.215933900Z main INFO Configuration org.apache.logging.log4j.core.config.DefaultConfiguration@7b5cc918 stopped.
]]></system-err>
  </testcase>
</testsuite>