<?xml version="1.0" encoding="UTF-8"?>
<testng-results ignored="0" total="1" passed="1" failed="0" skipped="0">
  <reporter-output>
  </reporter-output>
  <suite started-at="2026-04-06T14:03:51 IST" name="Suite" finished-at="2026-04-06T14:03:58 IST" duration-ms="6844">
    <groups>
    </groups>
    <test started-at="2026-04-06T14:03:51 IST" name="Test" finished-at="2026-04-06T14:03:58 IST" duration-ms="6844">
      <class name="api.test.UserTest">
        <test-method is-config="true" signature="setUpData()[pri:0, instance:api.test.UserTest@2ea41516]" started-at="2026-04-06T14:03:52 IST" name="setUpData" finished-at="2026-04-06T14:03:53 IST" duration-ms="1191" status="PASS">
          <reporter-output>
          </reporter-output>
        </test-method> <!-- setUpData -->
        <test-method signature="testCreateUserWithArray()[pri:6, instance:api.test.UserTest@2ea41516]" started-at="2026-04-06T14:03:53 IST" name="testCreateUserWithArray" finished-at="2026-04-06T14:03:58 IST" duration-ms="5056" status="PASS">
          <reporter-output>
          </reporter-output>
        </test-method> <!-- testCreateUserWithArray -->
      </class> <!-- api.test.UserTest -->
    </test> <!-- Test -->
  </suite> <!-- Suite -->
</testng-results>
