<?xml version="1.0" encoding="UTF-8"?>
<!-- Generated by org.testng.reporters.JUnitReportReporter -->
<testsuite hostname="DESKTOP-A565FBS" failures="0" tests="3" name="api.test.PetTest" time="3.708" errors="0" timestamp="2026-04-06T17:33:45 IST" skipped="0">
  <testcase classname="api.test.PetTest" name="TestPostUser" time="1.293"/>
  <testcase classname="api.test.PetTest" name="TestGetPetById" time="1.290"/>
  <testcase classname="api.test.PetTest" name="TestdeletePetById" time="1.125"/>
</testsuite> <!-- api.test.PetTest -->
