<?xml version="1.0" encoding="UTF-8"?>
<!-- Generated by org.testng.reporters.JUnitReportReporter -->
<testsuite hostname="DESKTOP-A565FBS" failures="0" tests="3" name="api.test.StoreTest" time="4.869" errors="0" timestamp="2026-04-06T20:01:08 IST" skipped="0">
  <testcase classname="api.test.StoreTest" name="TestPostStore" time="1.779"/>
  <testcase classname="api.test.StoreTest" name="TestGetStore" time="1.450"/>
  <testcase classname="api.test.StoreTest" name="TestDleteByIDStore" time="1.640"/>
</testsuite> <!-- api.test.StoreTest -->
