<?xml version="1.0" encoding="UTF-8"?>
<!-- Generated by org.testng.reporters.JUnitReportReporter -->
<testsuite hostname="DESKTOP-A565FBS" failures="0" tests="6" name="api.test.DDTestUser" time="12.790" errors="0" timestamp="2026-04-05T17:22:35 IST" skipped="0">
  <testcase classname="api.test.DDTestUser" name="testPostUser" time="6.228"/>
  <testcase classname="api.test.DDTestUser" name="testPostUser" time="1.397"/>
  <testcase classname="api.test.DDTestUser" name="testPostUser" time="1.269"/>
  <testcase classname="api.test.DDTestUser" name="testDeleteUserByName" time="1.143"/>
  <testcase classname="api.test.DDTestUser" name="testDeleteUserByName" time="1.306"/>
  <testcase classname="api.test.DDTestUser" name="testDeleteUserByName" time="1.447"/>
</testsuite> <!-- api.test.DDTestUser -->
